<?xml version="1.0" encoding="UTF-8"?>
<testsuite xmlns:xsi="http://www.w3.org/2001/XMLSchema-instance" xsi:schemaLocation="https://maven.apache.org/surefire/maven-surefire-plugin/xsd/surefire-test-report.xsd" name="com.google.qa.testcases.MyTest" time="0.905" tests="2" errors="0" skipped="0" failures="2">
  <properties>
[...]
</properties>
  <testcase name="test on test(com.google.qa.testcases.MyTest)" classname="com.google.qa.testcases.MyTest" time="0.579">
    <failure message="Could not start a new session. Possible causes are invalid address of the remote server or browser start-up failure.&#10;Build info: version: &apos;3.141.59&apos;, revision: &apos;e82be7d358&apos;, time: &apos;2018-11-14T08:17:03&apos;&#10;System info: host: &apos;Sufians-MacBook-Pro.local&apos;, ip: &apos;127.0.0.1&apos;, os.name: &apos;Mac OS X&apos;, os.arch: &apos;x86_64&apos;, os.version: &apos;10.14.2&apos;, java.version: &apos;1.8.0_131&apos;&#10;Driver info: driver.version: RemoteWebDriver" type="org.openqa.selenium.remote.UnreachableBrowserException">org.openqa.selenium.remote.UnreachableBrowserException: 
Could not start a new session. Possible causes are invalid address of the remote server or browser start-up failure.
Build info: version: '3.141.59', revision: 'e82be7d358', time: '2018-11-14T08:17:03'
System info: host: 'Sufians-MacBook-Pro.local', ip: '127.0.0.1', os.name: 'Mac OS X', os.arch: 'x86_64', os.version: '10.14.2', java.version: '1.8.0_131'
Driver info: driver.version: RemoteWebDriver
	at com.google.qa.testcases.MyTest.SetUp(MyTest.java:38)
Caused by: java.net.ConnectException: Failed to connect to /192.168.178.95:4444
	at com.google.qa.testcases.MyTest.SetUp(MyTest.java:38)
Caused by: java.net.ConnectException: Network is unreachable (connect failed)
	at com.google.qa.testcases.MyTest.SetUp(MyTest.java:38)
</failure>
    <system-out><![CDATA[Starting chrome on grid
]]></system-out>
    <system-err><![CDATA[Jan 21, 2019 11:37:23 AM org.openqa.selenium.remote.DesiredCapabilities chrome
INFO: Using `new ChromeOptions()` is preferred to `DesiredCapabilities.chrome()`
]]></system-err>
  </testcase>
  <testcase name="testDBUnit on testDBUnit(com.google.qa.testcases.MyTest)" classname="com.google.qa.testcases.MyTest" time="0.011">
    <failure message="Could not start a new session. Possible causes are invalid address of the remote server or browser start-up failure.&#10;Build info: version: &apos;3.141.59&apos;, revision: &apos;e82be7d358&apos;, time: &apos;2018-11-14T08:17:03&apos;&#10;System info: host: &apos;Sufians-MacBook-Pro.local&apos;, ip: &apos;127.0.0.1&apos;, os.name: &apos;Mac OS X&apos;, os.arch: &apos;x86_64&apos;, os.version: &apos;10.14.2&apos;, java.version: &apos;1.8.0_131&apos;&#10;Driver info: driver.version: RemoteWebDriver" type="org.openqa.selenium.remote.UnreachableBrowserException">org.openqa.selenium.remote.UnreachableBrowserException: 
Could not start a new session. Possible causes are invalid address of the remote server or browser start-up failure.
Build info: version: '3.141.59', revision: 'e82be7d358', time: '2018-11-14T08:17:03'
System info: host: 'Sufians-MacBook-Pro.local', ip: '127.0.0.1', os.name: 'Mac OS X', os.arch: 'x86_64', os.version: '10.14.2', java.version: '1.8.0_131'
Driver info: driver.version: RemoteWebDriver
	at com.google.qa.testcases.MyTest.SetUp(MyTest.java:38)
Caused by: java.net.ConnectException: Failed to connect to /192.168.178.95:4444
	at com.google.qa.testcases.MyTest.SetUp(MyTest.java:38)
Caused by: java.net.ConnectException: Network is unreachable (connect failed)
	at com.google.qa.testcases.MyTest.SetUp(MyTest.java:38)
</failure>
    <system-out><![CDATA[Starting chrome on grid
]]></system-out>
    <system-err><![CDATA[Jan 21, 2019 11:37:24 AM org.openqa.selenium.remote.DesiredCapabilities chrome
INFO: Using `new ChromeOptions()` is preferred to `DesiredCapabilities.chrome()`
]]></system-err>
  </testcase>
</testsuite>